<?xml version="1.0" encoding="UTF-8"?>
<testsuite name="com.icraus.vpl.codegenerator.ForCodeBlockHeadTest" tests="1" skipped="0" failures="0" errors="0" timestamp="2018-05-24T22:47:52" hostname="DESKTOP-3A9PN66" time="0.002">
  <properties/>
  <testcase name="testToText" classname="com.icraus.vpl.codegenerator.ForCodeBlockHeadTest" time="0.002"/>
  <system-out><![CDATA[for(int i = 0; i < 20; i = i + 1)
expected-------------------
$$FOR_STAT$$PARAN_START_OPint i = 0$$END_LINE_OP i < 20$$END_LINE_OP i = i + 1$$PARAN_END_OP
Result-------------------
$$FOR_STAT$$PARAN_START_OPint i = 0$$END_LINE_OP i < 20$$END_LINE_OP i = i + 1$$PARAN_END_OP
ForCodeBlockHeadTest :: testToText = true
------------- ---------------- ---------------
]]></system-out>
  <system-err><![CDATA[]]></system-err>
</testsuite>
