<?xml version="1.0" encoding="UTF-8"?>
<testsuite name="com.icraus.vpl.codegenerator.BasicCodeBlockImportsImplTest" tests="3" skipped="0" failures="0" errors="0" timestamp="2018-05-24T22:47:51" hostname="DESKTOP-3A9PN66" time="0.107">
  <properties/>
  <testcase name="testToText" classname="com.icraus.vpl.codegenerator.BasicCodeBlockImportsImplTest" time="0.103"/>
  <testcase name="testMutliplePackages" classname="com.icraus.vpl.codegenerator.BasicCodeBlockImportsImplTest" time="0.001"/>
  <testcase name="testMutlipleIncludes" classname="com.icraus.vpl.codegenerator.BasicCodeBlockImportsImplTest" time="0.001"/>
  <system-out><![CDATA[expected-------------------
$$IMPORT_STAT package $$END_LINE_OP
Result-------------------
$$IMPORT_STAT package $$END_LINE_OP
BasicCodeBlockImportsImplTest :: testToText = true
------------- ---------------- ---------------
expected-------------------
$$IMPORT_STAT package $$END_LINE_OP
$$IMPORT_STAT com.widget.Icraus $$END_LINE_OP
$$IMPORT_STAT com.class.Sun $$END_LINE_OP
$$IMPORT_STAT package $$END_LINE_OP
Result-------------------
$$IMPORT_STAT package $$END_LINE_OP
$$IMPORT_STAT com.widget.Icraus $$END_LINE_OP
$$IMPORT_STAT com.class.Sun $$END_LINE_OP
$$IMPORT_STAT package $$END_LINE_OP
BasicCodeBlockImportsImplTest :: testMutliplePackages = true
------------- ---------------- ---------------
expected-------------------
$$IMPORT_STAT <helloWorld.h> $$END_LINE_OP
$$IMPORT_STAT <myName> $$END_LINE_OP
$$IMPORT_STAT <solongSucker.h> $$END_LINE_OP
$$IMPORT_STAT <package> $$END_LINE_OP
Result-------------------
$$IMPORT_STAT <helloWorld.h> $$END_LINE_OP
$$IMPORT_STAT <myName> $$END_LINE_OP
$$IMPORT_STAT <solongSucker.h> $$END_LINE_OP
$$IMPORT_STAT <package> $$END_LINE_OP
BasicCodeBlockImportsImplTest :: testMutlipleIncludes = true
------------- ---------------- ---------------
]]></system-out>
  <system-err><![CDATA[]]></system-err>
</testsuite>
