<?xml version="1.0" encoding="UTF-8"?>
<testsuite name="com.icraus.vpl.codegenerator.WhileCodeBlockHeadImplTest" tests="1" skipped="0" failures="0" errors="0" timestamp="2018-05-24T22:47:52" hostname="DESKTOP-3A9PN66" time="0.001">
  <properties/>
  <testcase name="testToText" classname="com.icraus.vpl.codegenerator.WhileCodeBlockHeadImplTest" time="0.001"/>
  <system-out><![CDATA[expected-------------------
$$WHILE_STAT$$PARAN_START_OPi < 20$$PARAN_END_OP
Result-------------------
$$WHILE_STAT$$PARAN_START_OPi < 20$$PARAN_END_OP
WhileCodeBlockHeadImplTest :: testToText = true
------------- ---------------- ---------------
]]></system-out>
  <system-err><![CDATA[]]></system-err>
</testsuite>
